<?xml version="1.0" encoding="UTF-8"?>
<testsuites name="Mocha Tests" time="24.043" tests="1" failures="0">
  <testsuite name="Root Suite" timestamp="2024-09-18T20:20:28" tests="0" file="cypress\e2e\about.cy.js" time="0.000" failures="0">
  </testsuite>
  <testsuite name="About Page" timestamp="2024-09-18T20:20:28" tests="1" time="24.023" failures="0">
    <testcase name="About Page should load the page successfully" time="23.838" classname="should load the page successfully">
    </testcase>
  </testsuite>
</testsuites>