<?xml version="1.0" encoding="UTF-8"?>
<testsuites name="Mocha Tests" time="11.953" tests="2" failures="1">
  <testsuite name="Root Suite" timestamp="2024-09-18T22:25:03" tests="0" file="cypress\e2e\services\services.cy.js" time="0.000" failures="0">
  </testsuite>
  <testsuite name="Services Page" timestamp="2024-09-18T22:25:03" tests="2" time="11.950" failures="1">
    <testcase name="Services Page &quot;before each&quot; hook for &quot;should load the page successfully&quot;" time="0.000" classname="&quot;before each&quot; hook for &quot;should load the page successfully&quot;">
      <failure message="Timed out retrying after 10000ms: expected &apos;http://localhost:3000/sign-in?redirect_url=http%3A%2F%2Flocalhost%3A3000%2Fservices&apos; to not include &apos;/sign-in&apos;

Because this error occurred during a `before each` hook we are skipping the remaining tests in the current suite: `Services Page`" type="AssertionError"><![CDATA[AssertionError: Timed out retrying after 10000ms: expected 'http://localhost:3000/sign-in?redirect_url=http%3A%2F%2Flocalhost%3A3000%2Fservices' to not include '/sign-in'

Because this error occurred during a `before each` hook we are skipping the remaining tests in the current suite: `Services Page`
    at Context.eval (webpack://leonidbaichi/./cypress/e2e/services/services.cy.js:34:13)]]></failure>
    </testcase>
  </testsuite>
</testsuites>