<?xml version="1.0" encoding="UTF-8"?>
<testsuites name="Mocha Tests" time="12.307" tests="1" failures="1">
  <testsuite name="Root Suite" timestamp="2024-09-18T22:25:54" tests="0" file="cypress\e2e\about.cy.js" time="0.000" failures="0">
  </testsuite>
  <testsuite name="About Page" timestamp="2024-09-18T22:25:54" tests="1" time="12.300" failures="1">
    <testcase name="About Page &quot;before all&quot; hook for &quot;should load the page successfully&quot;" time="0.000" classname="&quot;before all&quot; hook for &quot;should load the page successfully&quot;">
      <failure message="Timed out retrying after 10000ms: expected &apos;http://localhost:3000/sign-in?redirect_url=http%3A%2F%2Flocalhost%3A3000%2Fabout&apos; to not include &apos;/sign-in&apos;

Because this error occurred during a `before all` hook we are skipping the remaining tests in the current suite: `About Page`" type="AssertionError"><![CDATA[AssertionError: Timed out retrying after 10000ms: expected 'http://localhost:3000/sign-in?redirect_url=http%3A%2F%2Flocalhost%3A3000%2Fabout' to not include '/sign-in'

Because this error occurred during a `before all` hook we are skipping the remaining tests in the current suite: `About Page`
    at Context.eval (webpack://leonidbaichi/./cypress/e2e/about.cy.js:36:13)]]></failure>
    </testcase>
  </testsuite>
</testsuites>