<?xml version="1.0" encoding="UTF-8"?>
<testsuites name="Mocha Tests" time="97.225" tests="7" failures="0">
  <testsuite name="Root Suite" timestamp="2024-09-18T20:08:21" tests="0" file="cypress\e2e\services\auditorsList\auditorsList.cy.js" time="0.000" failures="0">
  </testsuite>
  <testsuite name="Auditors List E2E Tests" timestamp="2024-09-18T20:08:21" tests="7" time="97.218" failures="0">
    <testcase name="Auditors List E2E Tests should verify Clerk is loaded" time="18.677" classname="should verify Clerk is loaded">
    </testcase>
    <testcase name="Auditors List E2E Tests should display the dropdown" time="13.183" classname="should display the dropdown">
    </testcase>
    <testcase name="Auditors List E2E Tests should log dropdown content after clicking" time="10.171" classname="should log dropdown content after clicking">
    </testcase>
    <testcase name="Auditors List E2E Tests should load the employee data on dropdown selection" time="13.437" classname="should load the employee data on dropdown selection">
    </testcase>
    <testcase name="Auditors List E2E Tests should display all employee data when &quot;Tous les employées&quot; is selected" time="10.582" classname="should display all employee data when &quot;Tous les employées&quot; is selected">
    </testcase>
    <testcase name="Auditors List E2E Tests should handle error when data fetching fails" time="15.462" classname="should handle error when data fetching fails">
    </testcase>
    <testcase name="Auditors List E2E Tests should show the loading spinner when data is loading" time="14.703" classname="should show the loading spinner when data is loading">
    </testcase>
  </testsuite>
</testsuites>