<?xml version="1.0" encoding="UTF-8"?>
<testsuites name="Mocha Tests" time="89.125" tests="7" failures="0">
  <testsuite name="Root Suite" timestamp="2024-09-18T20:21:43" tests="0" file="cypress\e2e\services\auditorsList\auditorsList.cy.js" time="0.000" failures="0">
  </testsuite>
  <testsuite name="Auditors List E2E Tests" timestamp="2024-09-18T20:21:43" tests="7" time="89.107" failures="0">
    <testcase name="Auditors List E2E Tests should verify Clerk is loaded" time="14.835" classname="should verify Clerk is loaded">
    </testcase>
    <testcase name="Auditors List E2E Tests should display the dropdown" time="8.877" classname="should display the dropdown">
    </testcase>
    <testcase name="Auditors List E2E Tests should log dropdown content after clicking" time="9.905" classname="should log dropdown content after clicking">
    </testcase>
    <testcase name="Auditors List E2E Tests should load the employee data on dropdown selection" time="11.251" classname="should load the employee data on dropdown selection">
    </testcase>
    <testcase name="Auditors List E2E Tests should display all employee data when &quot;Tous les employées&quot; is selected" time="14.769" classname="should display all employee data when &quot;Tous les employées&quot; is selected">
    </testcase>
    <testcase name="Auditors List E2E Tests should handle error when data fetching fails" time="15.328" classname="should handle error when data fetching fails">
    </testcase>
    <testcase name="Auditors List E2E Tests should show the loading spinner when data is loading" time="13.105" classname="should show the loading spinner when data is loading">
    </testcase>
  </testsuite>
</testsuites>