<?xml version="1.0" encoding="UTF-8"?>
<testsuites name="Mocha Tests" time="33.923" tests="2" failures="0">
  <testsuite name="Root Suite" timestamp="2024-09-18T20:21:00" tests="0" file="cypress\e2e\services\services.cy.js" time="0.000" failures="0">
  </testsuite>
  <testsuite name="Services Page" timestamp="2024-09-18T20:21:00" tests="2" time="33.900" failures="0">
    <testcase name="Services Page should load the page successfully" time="24.588" classname="should load the page successfully">
    </testcase>
    <testcase name="Services Page should contain &quot;main functionalities&quot;" time="8.838" classname="should contain &quot;main functionalities&quot;">
    </testcase>
  </testsuite>
</testsuites>